<?xml version="1.0" encoding="UTF-8" ?>
<testsuite tests="7" failures="1" name="TestSuite" time="0.032" errors="0" skipped="0">
  <properties>
[...]
</properties>
  <testcase classname="Contact.addContactTest" name="addContact" time="0.013"/>
  <testcase classname="Contact.addNameTest" name="addAdminName" time="0.01"/>
  <testcase classname="Contact.addOrgTest" name="addFirstName" time="0.004"/>
  <testcase classname="Contact.addOrgTest" name="addOrg" time="0.001"/>
  <testcase classname="Contact.lastNameTest" name="addContact" time="0.002"/>
  <testcase classname="Contact.lastNameTest" name="addLastName" time="0.001"/>
  <testcase classname="Contact.vtigerLoginTest" name="loginfromMavencmd" time="0.001">
    <failure type="java.lang.NullPointerException">java.lang.NullPointerException
	at Contact.vtigerLoginTest.loginfromMavencmd(vtigerLoginTest.java:25)
</failure>
  </testcase>
</testsuite>