<?xml version="1.0" encoding="UTF-8"?>
<testng-results skipped="0" failed="0" ignored="0" total="1" passed="1">
  <reporter-output>
  </reporter-output>
  <suite name="Contact.vtigerLoginTest" duration-ms="14608" started-at="2022-03-23T08:55:52Z" finished-at="2022-03-23T08:56:06Z">
    <groups>
    </groups>
    <test name="Command line test" duration-ms="14608" started-at="2022-03-23T08:55:52Z" finished-at="2022-03-23T08:56:06Z">
      <class name="Contact.vtigerLoginTest">
        <test-method status="PASS" signature="loginfromMavencmd()[pri:0, instance:Contact.vtigerLoginTest@dfd3711]" name="loginfromMavencmd" duration-ms="14568" started-at="2022-03-23T08:55:52Z" finished-at="2022-03-23T08:56:06Z">
          <reporter-output>
          </reporter-output>
        </test-method> <!-- loginfromMavencmd -->
      </class> <!-- Contact.vtigerLoginTest -->
    </test> <!-- Command line test -->
  </suite> <!-- Contact.vtigerLoginTest -->
</testng-results>
