<?xml version="1.0" encoding="UTF-8"?>
<testng-results ignored="0" total="1" passed="1" failed="0" skipped="0">
  <reporter-output>
  </reporter-output>
  <suite started-at="2022-03-23T14:18:25 IST" name="Default suite" finished-at="2022-03-23T14:18:57 IST" duration-ms="31503">
    <groups>
    </groups>
    <test started-at="2022-03-23T14:18:25 IST" name="Default test" finished-at="2022-03-23T14:18:57 IST" duration-ms="31503">
      <class name="Contact.vtigerLoginTest">
        <test-method signature="loginfromMavencmd()[pri:0, instance:Contact.vtigerLoginTest@5ace1ed4]" started-at="2022-03-23T14:18:25 IST" name="loginfromMavencmd" finished-at="2022-03-23T14:18:57 IST" duration-ms="31450" status="PASS">
          <reporter-output>
          </reporter-output>
        </test-method> <!-- loginfromMavencmd -->
      </class> <!-- Contact.vtigerLoginTest -->
    </test> <!-- Default test -->
  </suite> <!-- Default suite -->
</testng-results>
