<?xml version="1.0" encoding="UTF-8"?>
<!-- Generated by org.testng.reporters.JUnitXMLReporter -->
<testsuite hostname="VAISHNAVI" ignored="0" name="Command line test" tests="7" failures="1" timestamp="23 Mar 2022 08:54:32 GMT" time="0.072" errors="0">
  <testcase name="addContact" time="0.011" classname="Contact.addContactTest"/>
  <testcase name="addAdminName" time="0.004" classname="Contact.addNameTest"/>
  <testcase name="addFirstName" time="0.0" classname="Contact.addOrgTest"/>
  <testcase name="addOrg" time="0.0" classname="Contact.addOrgTest"/>
  <testcase name="addContact" time="0.001" classname="Contact.lastNameTest"/>
  <testcase name="addLastName" time="0.003" classname="Contact.lastNameTest"/>
  <testcase name="loginfromMavencmd" time="0.0" classname="Contact.vtigerLoginTest">
    <failure type="java.lang.NullPointerException">
      <![CDATA[java.lang.NullPointerException
at Contact.vtigerLoginTest.loginfromMavencmd(vtigerLoginTest.java:25)
... Removed 35 stack frames]]>
    </failure>
  </testcase> <!-- loginfromMavencmd -->
</testsuite> <!-- Command line test -->
